--------------- Build Started: 09/14/2020 22:46:43 Project: SDriveARM_PSoC4, Configuration: ARM GCC 5.4-2016-q2-update Release ---------------
The code generation step is up to date.
arm-none-eabi-gcc.exe -mcpu=cortex-m0 -mthumb -I. -IGenerated_Source\PSoC4 -Wa,-alh=.\CortexM0\ARM_GCC_541\Release/sdrive.lst -g -D NDEBUG -Wall -ffunction-sections -ffat-lto-objects -Os -fno-exceptions -c ..\..\..\src\sdrive.c -o .\CortexM0\ARM_GCC_541\Release\sdrive.o
..\..\..\src\sdrive.c: In function 'set_boot_drive':
..\..\..\src\sdrive.c:213:17: warning: unused variable 'm' [-Wunused-variable]
   unsigned char m;
                 ^
..\..\..\src\sdrive.c: In function 'sdrive':
..\..\..\src\sdrive.c:577:71: warning: comparison of constant '128' with boolean expression is always true [-Wbool-compare]
     if (! (fi->vDisk.flags & (FLAGS_ATRMEDIUMSIZE | FLAGS_READONLY) ) != FLAGS_ATRMEDIUMSIZE )
                                                                       ^
..\..\..\src\sdrive.c:577:71: warning: logical not is only applied to the left hand side of comparison [-Wlogical-not-parentheses]
..\..\..\src\sdrive.c:1198:6: warning: dereferencing type-punned pointer will break strict-aliasing rules [-Wstrict-aliasing]
      FOURBYTESTOLONG(&atari_sector_buffer) = fatClustToSect((u32) TWOBYTESTOWORD(command+2));  // todo check!!! should be 4 bytes long
      ^
..\..\..\src\sdrive.c:1210:5: warning: dereferencing type-punned pointer will break strict-aliasing rules [-Wstrict-aliasing]
     extraSDcommands_readwritesectornumber = *((u32*)&atari_sector_buffer);
     ^
..\..\..\src\sdrive.c:1562:57: warning: pointer targets in passing argument 1 of 'USART_Get_buffer_and_check_and_send_ACK_or_NACK' differ in signedness [-Wpointer-sign]
     if (USART_Get_buffer_and_check_and_send_ACK_or_NACK(&FileFindBuffer[0],11))
                                                         ^
In file included from ..\..\..\src\sdrive.c:24:0:
..\..\..\src\sio.h:29:15: note: expected 'unsigned char *' but argument is of type 'char *'
 unsigned char USART_Get_buffer_and_check_and_send_ACK_or_NACK(unsigned char *buff, unsigned short len);
               ^
arm-none-eabi-ar.exe -rs .\CortexM0\ARM_GCC_541\Release\SDriveARM_PSoC4.a .\CortexM0\ARM_GCC_541\Release\Command.o .\CortexM0\ARM_GCC_541\Release\Command_PM.o .\CortexM0\ARM_GCC_541\Release\Clock_1.o .\CortexM0\ARM_GCC_541\Release\UART_1.o .\CortexM0\ARM_GCC_541\Release\UART_1_PM.o .\CortexM0\ARM_GCC_541\Release\UART_1_INT.o .\CortexM0\ARM_GCC_541\Release\UART_1_BOOT.o .\CortexM0\ARM_GCC_541\Release\LED_G.o .\CortexM0\ARM_GCC_541\Release\LED_G_PM.o .\CortexM0\ARM_GCC_541\Release\LEDREG_B.o .\CortexM0\ARM_GCC_541\Release\LEDREG_B_PM.o .\CortexM0\ARM_GCC_541\Release\Proceed.o .\CortexM0\ARM_GCC_541\Release\Proceed_PM.o .\CortexM0\ARM_GCC_541\Release\MotorControl.o .\CortexM0\ARM_GCC_541\Release\MotorControl_PM.o .\CortexM0\ARM_GCC_541\Release\ClockOutput.o .\CortexM0\ARM_GCC_541\Release\ClockOutput_PM.o .\CortexM0\ARM_GCC_541\Release\AtariInt.o .\CortexM0\ARM_GCC_541\Release\AtariInt_PM.o .\CortexM0\ARM_GCC_541\Release\ClockInput.o .\CortexM0\ARM_GCC_541\Release\ClockInput_PM.o .\CortexM0\ARM_GCC_541\Release\SWBUT.o .\CortexM0\ARM_GCC_541\Release\Clock_2.o .\CortexM0\ARM_GCC_541\Release\LED_R.o .\CortexM0\ARM_GCC_541\Release\LED_R_PM.o .\CortexM0\ARM_GCC_541\Release\LED_Y0.o .\CortexM0\ARM_GCC_541\Release\LED_Y0_PM.o .\CortexM0\ARM_GCC_541\Release\LED_Y1.o .\CortexM0\ARM_GCC_541\Release\LED_Y1_PM.o .\CortexM0\ARM_GCC_541\Release\LED_Y2.o .\CortexM0\ARM_GCC_541\Release\LED_Y2_PM.o .\CortexM0\ARM_GCC_541\Release\LED_Y3.o .\CortexM0\ARM_GCC_541\Release\LED_Y3_PM.o .\CortexM0\ARM_GCC_541\Release\CapSense_Control.o .\CortexM0\ARM_GCC_541\Release\CapSense_Processing.o .\CortexM0\ARM_GCC_541\Release\CapSense_Structure.o .\CortexM0\ARM_GCC_541\Release\CapSense_Tuner.o .\CortexM0\ARM_GCC_541\Release\CapSense_Filter.o .\CortexM0\ARM_GCC_541\Release\CapSense_Sensing.o .\CortexM0\ARM_GCC_541\Release\CapSense_INT.o .\CortexM0\ARM_GCC_541\Release\CapSense_SensingCSD_LL.o .\CortexM0\ARM_GCC_541\Release\Analog.o .\CortexM0\ARM_GCC_541\Release\Analog_PM.o .\CortexM0\ARM_GCC_541\Release\BL_Init.o .\CortexM0\ARM_GCC_541\Release\BL_Init_PM.o .\CortexM0\ARM_GCC_541\Release\CardPresent.o .\CortexM0\ARM_GCC_541\Release\CardPresent_PM.o .\CortexM0\ARM_GCC_541\Release\Bootloadable_1.o .\CortexM0\ARM_GCC_541\Release\SPIM_B.o .\CortexM0\ARM_GCC_541\Release\SPIM_B_SPI_UART.o .\CortexM0\ARM_GCC_541\Release\SPIM_B_PM.o .\CortexM0\ARM_GCC_541\Release\SPIM_B_SPI.o .\CortexM0\ARM_GCC_541\Release\SPIM_B_BOOT.o .\CortexM0\ARM_GCC_541\Release\SPIM_B_SPI_BOOT.o .\CortexM0\ARM_GCC_541\Release\SPI_CLK_B.o .\CortexM0\ARM_GCC_541\Release\Debug_B.o .\CortexM0\ARM_GCC_541\Release\Debug_B_SPI_UART.o .\CortexM0\ARM_GCC_541\Release\Debug_B_SPI_UART_INT.o .\CortexM0\ARM_GCC_541\Release\Debug_B_PM.o .\CortexM0\ARM_GCC_541\Release\Debug_B_UART.o .\CortexM0\ARM_GCC_541\Release\Debug_B_BOOT.o .\CortexM0\ARM_GCC_541\Release\Debug_B_UART_BOOT.o .\CortexM0\ARM_GCC_541\Release\ReadOnly_B.o .\CortexM0\ARM_GCC_541\Release\ReadOnly_B_PM.o .\CortexM0\ARM_GCC_541\Release\CapSense_ISR.o .\CortexM0\ARM_GCC_541\Release\SPIM_B_sclk_m.o .\CortexM0\ARM_GCC_541\Release\SPIM_B_sclk_m_PM.o .\CortexM0\ARM_GCC_541\Release\SPIM_B_miso_m.o .\CortexM0\ARM_GCC_541\Release\SPIM_B_miso_m_PM.o .\CortexM0\ARM_GCC_541\Release\SPIM_B_mosi_m.o .\CortexM0\ARM_GCC_541\Release\SPIM_B_mosi_m_PM.o .\CortexM0\ARM_GCC_541\Release\SPIM_B_ss0_m.o .\CortexM0\ARM_GCC_541\Release\SPIM_B_ss0_m_PM.o .\CortexM0\ARM_GCC_541\Release\Debug_B_SCBCLK.o .\CortexM0\ARM_GCC_541\Release\Debug_B_tx.o .\CortexM0\ARM_GCC_541\Release\Debug_B_tx_PM.o .\CortexM0\ARM_GCC_541\Release\CyFlash.o .\CortexM0\ARM_GCC_541\Release\CyLib.o .\CortexM0\ARM_GCC_541\Release\cyPm.o .\CortexM0\ARM_GCC_541\Release\cyutils.o .\CortexM0\ARM_GCC_541\Release\CyLFClk.o .\CortexM0\ARM_GCC_541\Release\cy_em_eeprom.o .\CortexM0\ARM_GCC_541\Release\CyBootAsmGnu.o
arm-none-eabi-ar.exe: creating .\CortexM0\ARM_GCC_541\Release\SDriveARM_PSoC4.a
arm-none-eabi-gcc.exe -Wl,--start-group -o C:\StorageFast\work\Atari\SDrive-ARM\soft\target\CyPSoC4\SDriveARM_PSoC4.cydsn\CortexM0\ARM_GCC_541\Release\SDriveARM_PSoC4.elf .\CortexM0\ARM_GCC_541\Release\hwcontext.o .\CortexM0\ARM_GCC_541\Release\main.o .\CortexM0\ARM_GCC_541\Release\sdrive.o .\CortexM0\ARM_GCC_541\Release\fat.o .\CortexM0\ARM_GCC_541\Release\mmcsd.o .\CortexM0\ARM_GCC_541\Release\sdaccess.o .\CortexM0\ARM_GCC_541\Release\sio.o .\CortexM0\ARM_GCC_541\Release\helpers.o .\CortexM0\ARM_GCC_541\Release\keys.o .\CortexM0\ARM_GCC_541\Release\cyfitter_cfg.o .\CortexM0\ARM_GCC_541\Release\cybootloader.o .\CortexM0\ARM_GCC_541\Release\cymetadata.o .\CortexM0\ARM_GCC_541\Release\Cm0Start.o .\CortexM0\ARM_GCC_541\Release\SDriveARM_PSoC4.a "C:\StorageFast\Soft\PSoCCreator\PSoC Creator\4.3\PSoC Creator\psoc\content\CyComponentLibrary\CyComponentLibrary.cylib\CapSense_P4_v7_0\PSoC4\Library\Capsense_P4Library_GCC.a" -mcpu=cortex-m0 -mthumb -l m -L Generated_Source\PSoC4 -Wl,-Map,.\CortexM0\ARM_GCC_541\Release/SDriveARM_PSoC4.map -T .\SDriveARM_1.ld -specs=nano.specs -Wl,--gc-sections -g -ffunction-sections -Os -ffat-lto-objects -Wl,--end-group
cyelftool.exe -B C:\StorageFast\work\Atari\SDrive-ARM\soft\target\CyPSoC4\SDriveARM_PSoC4.cydsn\CortexM0\ARM_GCC_541\Release\SDriveARM_PSoC4.elf --flash_row_size 128 --flash_size 32768 --flash_offset 0x00000000 --flash_array_size 32768
No ELF section .cychecksum found, creating one
Application checksum calculated and stored in ELF section .cychecksum
Checksum calculated and stored in ELF section .cymeta
cyelftool.exe -S C:\StorageFast\work\Atari\SDrive-ARM\soft\target\CyPSoC4\SDriveARM_PSoC4.cydsn\CortexM0\ARM_GCC_541\Release\SDriveARM_PSoC4.elf
Flash used: 26070 of 32768 bytes (79.6%). Bootloader: 7552 bytes. Application: 18390 bytes. Metadata: 128 bytes.
SRAM used: 3348 of 4096 bytes (81.7%). Stack: 1024 bytes. Heap: 128 bytes.
--------------- Build Succeeded: 09/14/2020 22:46:45 ---------------
