--------------- Build Started: 09/14/2020 20:38:25 Project: SDLauncher, Configuration: ARM GCC 5.4-2016-q2-update Release ---------------
cydsfit.exe -.appdatapath "C:\Users\extma\AppData\Local\Cypress Semiconductor\PSoC Creator\4.3" -.fdsnotice -.fdswarpdepfile=warp_dependencies.txt -.fdselabdepfile=elab_dependencies.txt -.fdsbldfile=generated_files.txt -.fdsreffile=referenced_files.txt -p C:\StorageFast\work\Atari\SDrive-ARM\soft\target\CyPSoC4\SDLauncher.cydsn\SDLauncher.cyprj -d CY8C4245AXI-483 -s C:\StorageFast\work\Atari\SDrive-ARM\soft\target\CyPSoC4\SDLauncher.cydsn\Generated_Source\PSoC4 -- -yv2 -q10 -ygs -o2 -v3 -.fftcfgtype=LE
Elaborating Design...
HDL Generation...
Synthesis...
Tech Mapping...
Analog Placement...
Analog Routing...
Analog Code Generation...
Digital Placement...
Digital Routing...
Bitstream Generation...
Bitstream Verification...
Static timing analysis...
API Generation...
Dependency Generation...
Cleanup...
arm-none-eabi-gcc.exe -mcpu=cortex-m0 -mthumb -I. -IGenerated_Source\PSoC4 -Wa,-alh=.\CortexM0\ARM_GCC_541\Release/main.lst -g -D NDEBUG -D LOADER -Wall -ffunction-sections -ffat-lto-objects -Os -fno-exceptions -c main.c -o .\CortexM0\ARM_GCC_541\Release\main.o
arm-none-eabi-gcc.exe -mcpu=cortex-m0 -mthumb -I. -IGenerated_Source\PSoC4 -Wa,-alh=.\CortexM0\ARM_GCC_541\Release/mmcsd.lst -g -D NDEBUG -D LOADER -Wall -ffunction-sections -ffat-lto-objects -Os -fno-exceptions -c ..\..\..\src\mmcsd.cpp -o .\CortexM0\ARM_GCC_541\Release\mmcsd.o
arm-none-eabi-gcc.exe -mcpu=cortex-m0 -mthumb -I. -IGenerated_Source\PSoC4 -Wa,-alh=.\CortexM0\ARM_GCC_541\Release/sdaccess.lst -g -D NDEBUG -D LOADER -Wall -ffunction-sections -ffat-lto-objects -Os -fno-exceptions -c ..\..\..\src\sdaccess.cpp -o .\CortexM0\ARM_GCC_541\Release\sdaccess.o
arm-none-eabi-gcc.exe -mcpu=cortex-m0 -mthumb -I. -IGenerated_Source\PSoC4 -Wa,-alh=.\CortexM0\ARM_GCC_541\Release/fat.lst -g -D NDEBUG -D LOADER -Wall -ffunction-sections -ffat-lto-objects -Os -fno-exceptions -c ..\..\..\src\fat.c -o .\CortexM0\ARM_GCC_541\Release\fat.o
arm-none-eabi-gcc.exe -mcpu=cortex-m0 -mthumb -I. -IGenerated_Source\PSoC4 -Wa,-alh=.\CortexM0\ARM_GCC_541\Release/dprint.lst -g -D NDEBUG -D LOADER -Wall -ffunction-sections -ffat-lto-objects -Os -fno-exceptions -c ..\..\..\src\dprint.c -o .\CortexM0\ARM_GCC_541\Release\dprint.o
arm-none-eabi-gcc.exe -mcpu=cortex-m0 -mthumb -I. -IGenerated_Source\PSoC4 -Wa,-alh=.\CortexM0\ARM_GCC_541\Release/hwcontext.lst -g -D NDEBUG -D LOADER -Wall -ffunction-sections -ffat-lto-objects -Os -fno-exceptions -c ..\..\..\src\hwcontext.cpp -o .\CortexM0\ARM_GCC_541\Release\hwcontext.o
arm-none-eabi-gcc.exe -mcpu=cortex-m0 -mthumb -I. -IGenerated_Source\PSoC4 -Wa,-alh=.\CortexM0\ARM_GCC_541\Release/cyfitter_cfg.lst -g -D NDEBUG -D LOADER -Wall -ffunction-sections -ffat-lto-objects -Os -fno-exceptions -c Generated_Source\PSoC4\cyfitter_cfg.c -o .\CortexM0\ARM_GCC_541\Release\cyfitter_cfg.o
arm-none-eabi-gcc.exe -mcpu=cortex-m0 -mthumb -I. -IGenerated_Source\PSoC4 -Wa,-alh=.\CortexM0\ARM_GCC_541\Release/cymetadata.lst -g -D NDEBUG -D LOADER -Wall -ffunction-sections -ffat-lto-objects -Os -fno-exceptions -c Generated_Source\PSoC4\cymetadata.c -o .\CortexM0\ARM_GCC_541\Release\cymetadata.o
arm-none-eabi-gcc.exe -mcpu=cortex-m0 -mthumb -I. -IGenerated_Source\PSoC4 -Wa,-alh=.\CortexM0\ARM_GCC_541\Release/SPIM_BL.lst -g -D NDEBUG -D LOADER -Wall -ffunction-sections -ffat-lto-objects -Os -fno-exceptions -c Generated_Source\PSoC4\SPIM_BL.c -o .\CortexM0\ARM_GCC_541\Release\SPIM_BL.o
arm-none-eabi-gcc.exe -mcpu=cortex-m0 -mthumb -I. -IGenerated_Source\PSoC4 -Wa,-alh=.\CortexM0\ARM_GCC_541\Release/SPIM_BL_SPI_UART.lst -g -D NDEBUG -D LOADER -Wall -ffunction-sections -ffat-lto-objects -Os -fno-exceptions -c Generated_Source\PSoC4\SPIM_BL_SPI_UART.c -o .\CortexM0\ARM_GCC_541\Release\SPIM_BL_SPI_UART.o
arm-none-eabi-gcc.exe -mcpu=cortex-m0 -mthumb -I. -IGenerated_Source\PSoC4 -Wa,-alh=.\CortexM0\ARM_GCC_541\Release/SPIM_BL_PM.lst -g -D NDEBUG -D LOADER -Wall -ffunction-sections -ffat-lto-objects -Os -fno-exceptions -c Generated_Source\PSoC4\SPIM_BL_PM.c -o .\CortexM0\ARM_GCC_541\Release\SPIM_BL_PM.o
arm-none-eabi-gcc.exe -mcpu=cortex-m0 -mthumb -I. -IGenerated_Source\PSoC4 -Wa,-alh=.\CortexM0\ARM_GCC_541\Release/SPIM_BL_SPI.lst -g -D NDEBUG -D LOADER -Wall -ffunction-sections -ffat-lto-objects -Os -fno-exceptions -c Generated_Source\PSoC4\SPIM_BL_SPI.c -o .\CortexM0\ARM_GCC_541\Release\SPIM_BL_SPI.o
arm-none-eabi-gcc.exe -mcpu=cortex-m0 -mthumb -I. -IGenerated_Source\PSoC4 -Wa,-alh=.\CortexM0\ARM_GCC_541\Release/SPIM_BL_BOOT.lst -g -D NDEBUG -D LOADER -Wall -ffunction-sections -ffat-lto-objects -Os -fno-exceptions -c Generated_Source\PSoC4\SPIM_BL_BOOT.c -o .\CortexM0\ARM_GCC_541\Release\SPIM_BL_BOOT.o
arm-none-eabi-gcc.exe -mcpu=cortex-m0 -mthumb -I. -IGenerated_Source\PSoC4 -Wa,-alh=.\CortexM0\ARM_GCC_541\Release/SPIM_BL_SPI_BOOT.lst -g -D NDEBUG -D LOADER -Wall -ffunction-sections -ffat-lto-objects -Os -fno-exceptions -c Generated_Source\PSoC4\SPIM_BL_SPI_BOOT.c -o .\CortexM0\ARM_GCC_541\Release\SPIM_BL_SPI_BOOT.o
arm-none-eabi-gcc.exe -mcpu=cortex-m0 -mthumb -I. -IGenerated_Source\PSoC4 -Wa,-alh=.\CortexM0\ARM_GCC_541\Release/SPI_CLK_BL.lst -g -D NDEBUG -D LOADER -Wall -ffunction-sections -ffat-lto-objects -Os -fno-exceptions -c Generated_Source\PSoC4\SPI_CLK_BL.c -o .\CortexM0\ARM_GCC_541\Release\SPI_CLK_BL.o
arm-none-eabi-gcc.exe -mcpu=cortex-m0 -mthumb -I. -IGenerated_Source\PSoC4 -Wa,-alh=.\CortexM0\ARM_GCC_541\Release/Debug_BL.lst -g -D NDEBUG -D LOADER -Wall -ffunction-sections -ffat-lto-objects -Os -fno-exceptions -c Generated_Source\PSoC4\Debug_BL.c -o .\CortexM0\ARM_GCC_541\Release\Debug_BL.o
arm-none-eabi-gcc.exe -mcpu=cortex-m0 -mthumb -I. -IGenerated_Source\PSoC4 -Wa,-alh=.\CortexM0\ARM_GCC_541\Release/Debug_BL_SPI_UART.lst -g -D NDEBUG -D LOADER -Wall -ffunction-sections -ffat-lto-objects -Os -fno-exceptions -c Generated_Source\PSoC4\Debug_BL_SPI_UART.c -o .\CortexM0\ARM_GCC_541\Release\Debug_BL_SPI_UART.o
arm-none-eabi-gcc.exe -mcpu=cortex-m0 -mthumb -I. -IGenerated_Source\PSoC4 -Wa,-alh=.\CortexM0\ARM_GCC_541\Release/Debug_BL_SPI_UART_INT.lst -g -D NDEBUG -D LOADER -Wall -ffunction-sections -ffat-lto-objects -Os -fno-exceptions -c Generated_Source\PSoC4\Debug_BL_SPI_UART_INT.c -o .\CortexM0\ARM_GCC_541\Release\Debug_BL_SPI_UART_INT.o
arm-none-eabi-gcc.exe -mcpu=cortex-m0 -mthumb -I. -IGenerated_Source\PSoC4 -Wa,-alh=.\CortexM0\ARM_GCC_541\Release/Debug_BL_PM.lst -g -D NDEBUG -D LOADER -Wall -ffunction-sections -ffat-lto-objects -Os -fno-exceptions -c Generated_Source\PSoC4\Debug_BL_PM.c -o .\CortexM0\ARM_GCC_541\Release\Debug_BL_PM.o
arm-none-eabi-gcc.exe -mcpu=cortex-m0 -mthumb -I. -IGenerated_Source\PSoC4 -Wa,-alh=.\CortexM0\ARM_GCC_541\Release/Debug_BL_UART.lst -g -D NDEBUG -D LOADER -Wall -ffunction-sections -ffat-lto-objects -Os -fno-exceptions -c Generated_Source\PSoC4\Debug_BL_UART.c -o .\CortexM0\ARM_GCC_541\Release\Debug_BL_UART.o
arm-none-eabi-gcc.exe -mcpu=cortex-m0 -mthumb -I. -IGenerated_Source\PSoC4 -Wa,-alh=.\CortexM0\ARM_GCC_541\Release/Debug_BL_BOOT.lst -g -D NDEBUG -D LOADER -Wall -ffunction-sections -ffat-lto-objects -Os -fno-exceptions -c Generated_Source\PSoC4\Debug_BL_BOOT.c -o .\CortexM0\ARM_GCC_541\Release\Debug_BL_BOOT.o
arm-none-eabi-gcc.exe -mcpu=cortex-m0 -mthumb -I. -IGenerated_Source\PSoC4 -Wa,-alh=.\CortexM0\ARM_GCC_541\Release/Debug_BL_UART_BOOT.lst -g -D NDEBUG -D LOADER -Wall -ffunction-sections -ffat-lto-objects -Os -fno-exceptions -c Generated_Source\PSoC4\Debug_BL_UART_BOOT.c -o .\CortexM0\ARM_GCC_541\Release\Debug_BL_UART_BOOT.o
arm-none-eabi-gcc.exe -mcpu=cortex-m0 -mthumb -I. -IGenerated_Source\PSoC4 -Wa,-alh=.\CortexM0\ARM_GCC_541\Release/LED_G.lst -g -D NDEBUG -D LOADER -Wall -ffunction-sections -ffat-lto-objects -Os -fno-exceptions -c Generated_Source\PSoC4\LED_G.c -o .\CortexM0\ARM_GCC_541\Release\LED_G.o
arm-none-eabi-gcc.exe -mcpu=cortex-m0 -mthumb -I. -IGenerated_Source\PSoC4 -Wa,-alh=.\CortexM0\ARM_GCC_541\Release/LED_G_PM.lst -g -D NDEBUG -D LOADER -Wall -ffunction-sections -ffat-lto-objects -Os -fno-exceptions -c Generated_Source\PSoC4\LED_G_PM.c -o .\CortexM0\ARM_GCC_541\Release\LED_G_PM.o
arm-none-eabi-gcc.exe -mcpu=cortex-m0 -mthumb -I. -IGenerated_Source\PSoC4 -Wa,-alh=.\CortexM0\ARM_GCC_541\Release/LEDREG_BL.lst -g -D NDEBUG -D LOADER -Wall -ffunction-sections -ffat-lto-objects -Os -fno-exceptions -c Generated_Source\PSoC4\LEDREG_BL.c -o .\CortexM0\ARM_GCC_541\Release\LEDREG_BL.o
arm-none-eabi-gcc.exe -mcpu=cortex-m0 -mthumb -I. -IGenerated_Source\PSoC4 -Wa,-alh=.\CortexM0\ARM_GCC_541\Release/LEDREG_BL_PM.lst -g -D NDEBUG -D LOADER -Wall -ffunction-sections -ffat-lto-objects -Os -fno-exceptions -c Generated_Source\PSoC4\LEDREG_BL_PM.c -o .\CortexM0\ARM_GCC_541\Release\LEDREG_BL_PM.o
arm-none-eabi-gcc.exe -mcpu=cortex-m0 -mthumb -I. -IGenerated_Source\PSoC4 -Wa,-alh=.\CortexM0\ARM_GCC_541\Release/LED_R.lst -g -D NDEBUG -D LOADER -Wall -ffunction-sections -ffat-lto-objects -Os -fno-exceptions -c Generated_Source\PSoC4\LED_R.c -o .\CortexM0\ARM_GCC_541\Release\LED_R.o
arm-none-eabi-gcc.exe -mcpu=cortex-m0 -mthumb -I. -IGenerated_Source\PSoC4 -Wa,-alh=.\CortexM0\ARM_GCC_541\Release/LED_R_PM.lst -g -D NDEBUG -D LOADER -Wall -ffunction-sections -ffat-lto-objects -Os -fno-exceptions -c Generated_Source\PSoC4\LED_R_PM.c -o .\CortexM0\ARM_GCC_541\Release\LED_R_PM.o
arm-none-eabi-gcc.exe -mcpu=cortex-m0 -mthumb -I. -IGenerated_Source\PSoC4 -Wa,-alh=.\CortexM0\ARM_GCC_541\Release/LED_Y0.lst -g -D NDEBUG -D LOADER -Wall -ffunction-sections -ffat-lto-objects -Os -fno-exceptions -c Generated_Source\PSoC4\LED_Y0.c -o .\CortexM0\ARM_GCC_541\Release\LED_Y0.o
arm-none-eabi-gcc.exe -mcpu=cortex-m0 -mthumb -I. -IGenerated_Source\PSoC4 -Wa,-alh=.\CortexM0\ARM_GCC_541\Release/LED_Y0_PM.lst -g -D NDEBUG -D LOADER -Wall -ffunction-sections -ffat-lto-objects -Os -fno-exceptions -c Generated_Source\PSoC4\LED_Y0_PM.c -o .\CortexM0\ARM_GCC_541\Release\LED_Y0_PM.o
arm-none-eabi-gcc.exe -mcpu=cortex-m0 -mthumb -I. -IGenerated_Source\PSoC4 -Wa,-alh=.\CortexM0\ARM_GCC_541\Release/LED_Y1.lst -g -D NDEBUG -D LOADER -Wall -ffunction-sections -ffat-lto-objects -Os -fno-exceptions -c Generated_Source\PSoC4\LED_Y1.c -o .\CortexM0\ARM_GCC_541\Release\LED_Y1.o
arm-none-eabi-gcc.exe -mcpu=cortex-m0 -mthumb -I. -IGenerated_Source\PSoC4 -Wa,-alh=.\CortexM0\ARM_GCC_541\Release/LED_Y1_PM.lst -g -D NDEBUG -D LOADER -Wall -ffunction-sections -ffat-lto-objects -Os -fno-exceptions -c Generated_Source\PSoC4\LED_Y1_PM.c -o .\CortexM0\ARM_GCC_541\Release\LED_Y1_PM.o
arm-none-eabi-gcc.exe -mcpu=cortex-m0 -mthumb -I. -IGenerated_Source\PSoC4 -Wa,-alh=.\CortexM0\ARM_GCC_541\Release/LED_Y2.lst -g -D NDEBUG -D LOADER -Wall -ffunction-sections -ffat-lto-objects -Os -fno-exceptions -c Generated_Source\PSoC4\LED_Y2.c -o .\CortexM0\ARM_GCC_541\Release\LED_Y2.o
arm-none-eabi-gcc.exe -mcpu=cortex-m0 -mthumb -I. -IGenerated_Source\PSoC4 -Wa,-alh=.\CortexM0\ARM_GCC_541\Release/LED_Y2_PM.lst -g -D NDEBUG -D LOADER -Wall -ffunction-sections -ffat-lto-objects -Os -fno-exceptions -c Generated_Source\PSoC4\LED_Y2_PM.c -o .\CortexM0\ARM_GCC_541\Release\LED_Y2_PM.o
arm-none-eabi-gcc.exe -mcpu=cortex-m0 -mthumb -I. -IGenerated_Source\PSoC4 -Wa,-alh=.\CortexM0\ARM_GCC_541\Release/LED_Y3.lst -g -D NDEBUG -D LOADER -Wall -ffunction-sections -ffat-lto-objects -Os -fno-exceptions -c Generated_Source\PSoC4\LED_Y3.c -o .\CortexM0\ARM_GCC_541\Release\LED_Y3.o
arm-none-eabi-gcc.exe -mcpu=cortex-m0 -mthumb -I. -IGenerated_Source\PSoC4 -Wa,-alh=.\CortexM0\ARM_GCC_541\Release/LED_Y3_PM.lst -g -D NDEBUG -D LOADER -Wall -ffunction-sections -ffat-lto-objects -Os -fno-exceptions -c Generated_Source\PSoC4\LED_Y3_PM.c -o .\CortexM0\ARM_GCC_541\Release\LED_Y3_PM.o
arm-none-eabi-gcc.exe -mcpu=cortex-m0 -mthumb -I. -IGenerated_Source\PSoC4 -Wa,-alh=.\CortexM0\ARM_GCC_541\Release/CardPresent.lst -g -D NDEBUG -D LOADER -Wall -ffunction-sections -ffat-lto-objects -Os -fno-exceptions -c Generated_Source\PSoC4\CardPresent.c -o .\CortexM0\ARM_GCC_541\Release\CardPresent.o
arm-none-eabi-gcc.exe -mcpu=cortex-m0 -mthumb -I. -IGenerated_Source\PSoC4 -Wa,-alh=.\CortexM0\ARM_GCC_541\Release/CardPresent_PM.lst -g -D NDEBUG -D LOADER -Wall -ffunction-sections -ffat-lto-objects -Os -fno-exceptions -c Generated_Source\PSoC4\CardPresent_PM.c -o .\CortexM0\ARM_GCC_541\Release\CardPresent_PM.o
arm-none-eabi-gcc.exe -mcpu=cortex-m0 -mthumb -I. -IGenerated_Source\PSoC4 -Wa,-alh=.\CortexM0\ARM_GCC_541\Release/ReadOnly_BL.lst -g -D NDEBUG -D LOADER -Wall -ffunction-sections -ffat-lto-objects -Os -fno-exceptions -c Generated_Source\PSoC4\ReadOnly_BL.c -o .\CortexM0\ARM_GCC_541\Release\ReadOnly_BL.o
arm-none-eabi-gcc.exe -mcpu=cortex-m0 -mthumb -I. -IGenerated_Source\PSoC4 -Wa,-alh=.\CortexM0\ARM_GCC_541\Release/ReadOnly_BL_PM.lst -g -D NDEBUG -D LOADER -Wall -ffunction-sections -ffat-lto-objects -Os -fno-exceptions -c Generated_Source\PSoC4\ReadOnly_BL_PM.c -o .\CortexM0\ARM_GCC_541\Release\ReadOnly_BL_PM.o
arm-none-eabi-gcc.exe -mcpu=cortex-m0 -mthumb -I. -IGenerated_Source\PSoC4 -Wa,-alh=.\CortexM0\ARM_GCC_541\Release/SPIM_BL_sclk_m.lst -g -D NDEBUG -D LOADER -Wall -ffunction-sections -ffat-lto-objects -Os -fno-exceptions -c Generated_Source\PSoC4\SPIM_BL_sclk_m.c -o .\CortexM0\ARM_GCC_541\Release\SPIM_BL_sclk_m.o
arm-none-eabi-gcc.exe -mcpu=cortex-m0 -mthumb -I. -IGenerated_Source\PSoC4 -Wa,-alh=.\CortexM0\ARM_GCC_541\Release/SPIM_BL_sclk_m_PM.lst -g -D NDEBUG -D LOADER -Wall -ffunction-sections -ffat-lto-objects -Os -fno-exceptions -c Generated_Source\PSoC4\SPIM_BL_sclk_m_PM.c -o .\CortexM0\ARM_GCC_541\Release\SPIM_BL_sclk_m_PM.o
arm-none-eabi-gcc.exe -mcpu=cortex-m0 -mthumb -I. -IGenerated_Source\PSoC4 -Wa,-alh=.\CortexM0\ARM_GCC_541\Release/SPIM_BL_miso_m.lst -g -D NDEBUG -D LOADER -Wall -ffunction-sections -ffat-lto-objects -Os -fno-exceptions -c Generated_Source\PSoC4\SPIM_BL_miso_m.c -o .\CortexM0\ARM_GCC_541\Release\SPIM_BL_miso_m.o
arm-none-eabi-gcc.exe -mcpu=cortex-m0 -mthumb -I. -IGenerated_Source\PSoC4 -Wa,-alh=.\CortexM0\ARM_GCC_541\Release/SPIM_BL_miso_m_PM.lst -g -D NDEBUG -D LOADER -Wall -ffunction-sections -ffat-lto-objects -Os -fno-exceptions -c Generated_Source\PSoC4\SPIM_BL_miso_m_PM.c -o .\CortexM0\ARM_GCC_541\Release\SPIM_BL_miso_m_PM.o
arm-none-eabi-gcc.exe -mcpu=cortex-m0 -mthumb -I. -IGenerated_Source\PSoC4 -Wa,-alh=.\CortexM0\ARM_GCC_541\Release/SPIM_BL_mosi_m.lst -g -D NDEBUG -D LOADER -Wall -ffunction-sections -ffat-lto-objects -Os -fno-exceptions -c Generated_Source\PSoC4\SPIM_BL_mosi_m.c -o .\CortexM0\ARM_GCC_541\Release\SPIM_BL_mosi_m.o
arm-none-eabi-gcc.exe -mcpu=cortex-m0 -mthumb -I. -IGenerated_Source\PSoC4 -Wa,-alh=.\CortexM0\ARM_GCC_541\Release/SPIM_BL_mosi_m_PM.lst -g -D NDEBUG -D LOADER -Wall -ffunction-sections -ffat-lto-objects -Os -fno-exceptions -c Generated_Source\PSoC4\SPIM_BL_mosi_m_PM.c -o .\CortexM0\ARM_GCC_541\Release\SPIM_BL_mosi_m_PM.o
arm-none-eabi-gcc.exe -mcpu=cortex-m0 -mthumb -I. -IGenerated_Source\PSoC4 -Wa,-alh=.\CortexM0\ARM_GCC_541\Release/SPIM_BL_ss0_m.lst -g -D NDEBUG -D LOADER -Wall -ffunction-sections -ffat-lto-objects -Os -fno-exceptions -c Generated_Source\PSoC4\SPIM_BL_ss0_m.c -o .\CortexM0\ARM_GCC_541\Release\SPIM_BL_ss0_m.o
arm-none-eabi-gcc.exe -mcpu=cortex-m0 -mthumb -I. -IGenerated_Source\PSoC4 -Wa,-alh=.\CortexM0\ARM_GCC_541\Release/SPIM_BL_ss0_m_PM.lst -g -D NDEBUG -D LOADER -Wall -ffunction-sections -ffat-lto-objects -Os -fno-exceptions -c Generated_Source\PSoC4\SPIM_BL_ss0_m_PM.c -o .\CortexM0\ARM_GCC_541\Release\SPIM_BL_ss0_m_PM.o
arm-none-eabi-gcc.exe -mcpu=cortex-m0 -mthumb -I. -IGenerated_Source\PSoC4 -Wa,-alh=.\CortexM0\ARM_GCC_541\Release/Debug_BL_SCBCLK.lst -g -D NDEBUG -D LOADER -Wall -ffunction-sections -ffat-lto-objects -Os -fno-exceptions -c Generated_Source\PSoC4\Debug_BL_SCBCLK.c -o .\CortexM0\ARM_GCC_541\Release\Debug_BL_SCBCLK.o
arm-none-eabi-gcc.exe -mcpu=cortex-m0 -mthumb -I. -IGenerated_Source\PSoC4 -Wa,-alh=.\CortexM0\ARM_GCC_541\Release/Debug_BL_tx.lst -g -D NDEBUG -D LOADER -Wall -ffunction-sections -ffat-lto-objects -Os -fno-exceptions -c Generated_Source\PSoC4\Debug_BL_tx.c -o .\CortexM0\ARM_GCC_541\Release\Debug_BL_tx.o
arm-none-eabi-gcc.exe -mcpu=cortex-m0 -mthumb -I. -IGenerated_Source\PSoC4 -Wa,-alh=.\CortexM0\ARM_GCC_541\Release/Debug_BL_tx_PM.lst -g -D NDEBUG -D LOADER -Wall -ffunction-sections -ffat-lto-objects -Os -fno-exceptions -c Generated_Source\PSoC4\Debug_BL_tx_PM.c -o .\CortexM0\ARM_GCC_541\Release\Debug_BL_tx_PM.o
arm-none-eabi-gcc.exe -mcpu=cortex-m0 -mthumb -I. -IGenerated_Source\PSoC4 -Wa,-alh=.\CortexM0\ARM_GCC_541\Release/Debug_BL_rx.lst -g -D NDEBUG -D LOADER -Wall -ffunction-sections -ffat-lto-objects -Os -fno-exceptions -c Generated_Source\PSoC4\Debug_BL_rx.c -o .\CortexM0\ARM_GCC_541\Release\Debug_BL_rx.o
arm-none-eabi-gcc.exe -mcpu=cortex-m0 -mthumb -I. -IGenerated_Source\PSoC4 -Wa,-alh=.\CortexM0\ARM_GCC_541\Release/Debug_BL_rx_PM.lst -g -D NDEBUG -D LOADER -Wall -ffunction-sections -ffat-lto-objects -Os -fno-exceptions -c Generated_Source\PSoC4\Debug_BL_rx_PM.c -o .\CortexM0\ARM_GCC_541\Release\Debug_BL_rx_PM.o
arm-none-eabi-gcc.exe -mcpu=cortex-m0 -mthumb -I. -IGenerated_Source\PSoC4 -Wa,-alh=.\CortexM0\ARM_GCC_541\Release/Cm0Start.lst -g -D NDEBUG -D LOADER -Wall -ffunction-sections -ffat-lto-objects -Os -fno-exceptions -c Generated_Source\PSoC4\Cm0Start.c -o .\CortexM0\ARM_GCC_541\Release\Cm0Start.o
arm-none-eabi-gcc.exe -mcpu=cortex-m0 -mthumb -I. -IGenerated_Source\PSoC4 -Wa,-alh=.\CortexM0\ARM_GCC_541\Release/CyFlash.lst -g -D NDEBUG -D LOADER -Wall -ffunction-sections -ffat-lto-objects -Os -fno-exceptions -c Generated_Source\PSoC4\CyFlash.c -o .\CortexM0\ARM_GCC_541\Release\CyFlash.o
arm-none-eabi-gcc.exe -mcpu=cortex-m0 -mthumb -I. -IGenerated_Source\PSoC4 -Wa,-alh=.\CortexM0\ARM_GCC_541\Release/CyLib.lst -g -D NDEBUG -D LOADER -Wall -ffunction-sections -ffat-lto-objects -Os -fno-exceptions -c Generated_Source\PSoC4\CyLib.c -o .\CortexM0\ARM_GCC_541\Release\CyLib.o
arm-none-eabi-gcc.exe -mcpu=cortex-m0 -mthumb -I. -IGenerated_Source\PSoC4 -Wa,-alh=.\CortexM0\ARM_GCC_541\Release/cyPm.lst -g -D NDEBUG -D LOADER -Wall -ffunction-sections -ffat-lto-objects -Os -fno-exceptions -c Generated_Source\PSoC4\cyPm.c -o .\CortexM0\ARM_GCC_541\Release\cyPm.o
arm-none-eabi-gcc.exe -mcpu=cortex-m0 -mthumb -I. -IGenerated_Source\PSoC4 -Wa,-alh=.\CortexM0\ARM_GCC_541\Release/cyutils.lst -g -D NDEBUG -D LOADER -Wall -ffunction-sections -ffat-lto-objects -Os -fno-exceptions -c Generated_Source\PSoC4\cyutils.c -o .\CortexM0\ARM_GCC_541\Release\cyutils.o
arm-none-eabi-gcc.exe -mcpu=cortex-m0 -mthumb -I. -IGenerated_Source\PSoC4 -Wa,-alh=.\CortexM0\ARM_GCC_541\Release/CyLFClk.lst -g -D NDEBUG -D LOADER -Wall -ffunction-sections -ffat-lto-objects -Os -fno-exceptions -c Generated_Source\PSoC4\CyLFClk.c -o .\CortexM0\ARM_GCC_541\Release\CyLFClk.o
arm-none-eabi-gcc.exe -mcpu=cortex-m0 -mthumb -I. -IGenerated_Source\PSoC4 -Wa,-alh=.\CortexM0\ARM_GCC_541\Release/cy_em_eeprom.lst -g -D NDEBUG -D LOADER -Wall -ffunction-sections -ffat-lto-objects -Os -fno-exceptions -c Generated_Source\PSoC4\cy_em_eeprom.c -o .\CortexM0\ARM_GCC_541\Release\cy_em_eeprom.o
arm-none-eabi-as.exe -mcpu=cortex-m0 -mthumb -I. -IGenerated_Source\PSoC4 -alh=.\CortexM0\ARM_GCC_541\Release/CyBootAsmGnu.lst -g -W -o .\CortexM0\ARM_GCC_541\Release\CyBootAsmGnu.o Generated_Source\PSoC4\CyBootAsmGnu.s
arm-none-eabi-ar.exe -rs .\CortexM0\ARM_GCC_541\Release\SDLauncher.a .\CortexM0\ARM_GCC_541\Release\SPIM_BL.o .\CortexM0\ARM_GCC_541\Release\SPIM_BL_SPI_UART.o .\CortexM0\ARM_GCC_541\Release\SPIM_BL_PM.o .\CortexM0\ARM_GCC_541\Release\SPIM_BL_SPI.o .\CortexM0\ARM_GCC_541\Release\SPIM_BL_BOOT.o .\CortexM0\ARM_GCC_541\Release\SPIM_BL_SPI_BOOT.o .\CortexM0\ARM_GCC_541\Release\SPI_CLK_BL.o .\CortexM0\ARM_GCC_541\Release\Debug_BL.o .\CortexM0\ARM_GCC_541\Release\Debug_BL_SPI_UART.o .\CortexM0\ARM_GCC_541\Release\Debug_BL_SPI_UART_INT.o .\CortexM0\ARM_GCC_541\Release\Debug_BL_PM.o .\CortexM0\ARM_GCC_541\Release\Debug_BL_UART.o .\CortexM0\ARM_GCC_541\Release\Debug_BL_BOOT.o .\CortexM0\ARM_GCC_541\Release\Debug_BL_UART_BOOT.o .\CortexM0\ARM_GCC_541\Release\LED_G.o .\CortexM0\ARM_GCC_541\Release\LED_G_PM.o .\CortexM0\ARM_GCC_541\Release\LEDREG_BL.o .\CortexM0\ARM_GCC_541\Release\LEDREG_BL_PM.o .\CortexM0\ARM_GCC_541\Release\LED_R.o .\CortexM0\ARM_GCC_541\Release\LED_R_PM.o .\CortexM0\ARM_GCC_541\Release\LED_Y0.o .\CortexM0\ARM_GCC_541\Release\LED_Y0_PM.o .\CortexM0\ARM_GCC_541\Release\LED_Y1.o .\CortexM0\ARM_GCC_541\Release\LED_Y1_PM.o .\CortexM0\ARM_GCC_541\Release\LED_Y2.o .\CortexM0\ARM_GCC_541\Release\LED_Y2_PM.o .\CortexM0\ARM_GCC_541\Release\LED_Y3.o .\CortexM0\ARM_GCC_541\Release\LED_Y3_PM.o .\CortexM0\ARM_GCC_541\Release\CardPresent.o .\CortexM0\ARM_GCC_541\Release\CardPresent_PM.o .\CortexM0\ARM_GCC_541\Release\ReadOnly_BL.o .\CortexM0\ARM_GCC_541\Release\ReadOnly_BL_PM.o .\CortexM0\ARM_GCC_541\Release\SPIM_BL_sclk_m.o .\CortexM0\ARM_GCC_541\Release\SPIM_BL_sclk_m_PM.o .\CortexM0\ARM_GCC_541\Release\SPIM_BL_miso_m.o .\CortexM0\ARM_GCC_541\Release\SPIM_BL_miso_m_PM.o .\CortexM0\ARM_GCC_541\Release\SPIM_BL_mosi_m.o .\CortexM0\ARM_GCC_541\Release\SPIM_BL_mosi_m_PM.o .\CortexM0\ARM_GCC_541\Release\SPIM_BL_ss0_m.o .\CortexM0\ARM_GCC_541\Release\SPIM_BL_ss0_m_PM.o .\CortexM0\ARM_GCC_541\Release\Debug_BL_SCBCLK.o .\CortexM0\ARM_GCC_541\Release\Debug_BL_tx.o .\CortexM0\ARM_GCC_541\Release\Debug_BL_tx_PM.o .\CortexM0\ARM_GCC_541\Release\Debug_BL_rx.o .\CortexM0\ARM_GCC_541\Release\Debug_BL_rx_PM.o .\CortexM0\ARM_GCC_541\Release\CyFlash.o .\CortexM0\ARM_GCC_541\Release\CyLib.o .\CortexM0\ARM_GCC_541\Release\cyPm.o .\CortexM0\ARM_GCC_541\Release\cyutils.o .\CortexM0\ARM_GCC_541\Release\CyLFClk.o .\CortexM0\ARM_GCC_541\Release\cy_em_eeprom.o .\CortexM0\ARM_GCC_541\Release\CyBootAsmGnu.o
arm-none-eabi-ar.exe: creating .\CortexM0\ARM_GCC_541\Release\SDLauncher.a
arm-none-eabi-gcc.exe -Wl,--start-group -o C:\StorageFast\work\Atari\SDrive-ARM\soft\target\CyPSoC4\SDLauncher.cydsn\CortexM0\ARM_GCC_541\Release\SDLauncher.elf .\CortexM0\ARM_GCC_541\Release\main.o .\CortexM0\ARM_GCC_541\Release\mmcsd.o .\CortexM0\ARM_GCC_541\Release\sdaccess.o .\CortexM0\ARM_GCC_541\Release\fat.o .\CortexM0\ARM_GCC_541\Release\dprint.o .\CortexM0\ARM_GCC_541\Release\hwcontext.o .\CortexM0\ARM_GCC_541\Release\cyfitter_cfg.o .\CortexM0\ARM_GCC_541\Release\cymetadata.o .\CortexM0\ARM_GCC_541\Release\Cm0Start.o .\CortexM0\ARM_GCC_541\Release\SDLauncher.a -mcpu=cortex-m0 -mthumb -L Generated_Source\PSoC4 -Wl,-Map,.\CortexM0\ARM_GCC_541\Release/SDLauncher.map -T .\launcher.ld -specs=nano.specs -Wl,--gc-sections -g -ffunction-sections -Os -ffat-lto-objects -Wl,--end-group
cyelftool.exe -C C:\StorageFast\work\Atari\SDrive-ARM\soft\target\CyPSoC4\SDLauncher.cydsn\CortexM0\ARM_GCC_541\Release\SDLauncher.elf --flash_row_size 128 --flash_size 32768 --flash_offset 0x00000000
No ELF section .cychecksum found, creating one
Application checksum calculated and stored in ELF section .cychecksum
Checksum calculated and stored in ELF section .cymeta
cyelftool.exe -S C:\StorageFast\work\Atari\SDrive-ARM\soft\target\CyPSoC4\SDLauncher.cydsn\CortexM0\ARM_GCC_541\Release\SDLauncher.elf
Flash used: 7494 of 32768 bytes (22.9%).
SRAM used: 2468 of 4096 bytes (60.3%). Stack: 1024 bytes. Heap: 128 bytes.
--------------- Build Succeeded: 09/14/2020 20:38:52 ---------------
